0 info it worked if it ends with ok
1 verbose cli [ 'C:\\Program Files\\nodejs\\node.exe',
1 verbose cli   'C:\\Program Files\\nodejs\\node_modules\\npm\\bin\\npm-cli.js',
1 verbose cli   'start' ]
2 info using npm@3.10.10
3 info using node@v6.10.1
4 verbose run-script [ 'prestart', 'start', 'poststart' ]
5 info lifecycle SafeApp@0.1.0~prestart: SafeApp@0.1.0
6 silly lifecycle SafeApp@0.1.0~prestart: no script for prestart, continuing
7 info lifecycle SafeApp@0.1.0~start: SafeApp@0.1.0
8 verbose lifecycle SafeApp@0.1.0~start: unsafe-perm in lifecycle true
9 verbose lifecycle SafeApp@0.1.0~start: PATH: C:\Program Files\nodejs\node_modules\npm\bin\node-gyp-bin;C:\Users\cassiano.vellames.TOPOS\Documents\SafeApp\node_modules\.bin;C:\ProgramData\Oracle\Java\javapath;C:\WINDOWS\system32;C:\WINDOWS;C:\WINDOWS\System32\Wbem;C:\WINDOWS\System32\WindowsPowerShell\v1.0\;C:\Program Files\TortoiseSVN\bin;C:\Program Files\Git\cmd;C:\Program Files\nodejs\;C:\Program Files\MySQL\MySQL Utilities 1.6\;C:\Users\cassiano.vellames\AppData\Local\Android\sdk\tools\;C:\Users\cassiano.vellames\AppData\Local\Android\sdk\platform-tools\;C:\Program Files (x86)\GtkSharp\2.12\bin;C:\Program Files (x86)\Brackets\command;C:\Users\cassiano.vellames.TOPOS\AppData\Local\Microsoft\WindowsApps;C:\Users\cassiano.vellames.TOPOS\AppData\Local\.meteor\;C:\xampp\php
10 verbose lifecycle SafeApp@0.1.0~start: CWD: C:\Users\cassiano.vellames.TOPOS\Documents\SafeApp
11 silly lifecycle SafeApp@0.1.0~start: Args: [ '/d /s /c', 'node app.js' ]
12 silly lifecycle SafeApp@0.1.0~start: Returned: code: 2  signal: null
13 info lifecycle SafeApp@0.1.0~start: Failed to exec start script
14 verbose stack Error: SafeApp@0.1.0 start: `node app.js`
14 verbose stack Exit status 2
14 verbose stack     at EventEmitter.<anonymous> (C:\Program Files\nodejs\node_modules\npm\lib\utils\lifecycle.js:255:16)
14 verbose stack     at emitTwo (events.js:106:13)
14 verbose stack     at EventEmitter.emit (events.js:191:7)
14 verbose stack     at ChildProcess.<anonymous> (C:\Program Files\nodejs\node_modules\npm\lib\utils\spawn.js:40:14)
14 verbose stack     at emitTwo (events.js:106:13)
14 verbose stack     at ChildProcess.emit (events.js:191:7)
14 verbose stack     at maybeClose (internal/child_process.js:886:16)
14 verbose stack     at Process.ChildProcess._handle.onexit (internal/child_process.js:226:5)
15 verbose pkgid SafeApp@0.1.0
16 verbose cwd C:\Users\cassiano.vellames.TOPOS\Documents\SafeApp
17 error Windows_NT 10.0.15063
18 error argv "C:\\Program Files\\nodejs\\node.exe" "C:\\Program Files\\nodejs\\node_modules\\npm\\bin\\npm-cli.js" "start"
19 error node v6.10.1
20 error npm  v3.10.10
21 error code ELIFECYCLE
22 error SafeApp@0.1.0 start: `node app.js`
22 error Exit status 2
23 error Failed at the SafeApp@0.1.0 start script 'node app.js'.
23 error Make sure you have the latest version of node.js and npm installed.
23 error If you do, this is most likely a problem with the SafeApp package,
23 error not with npm itself.
23 error Tell the author that this fails on your system:
23 error     node app.js
23 error You can get information on how to open an issue for this project with:
23 error     npm bugs SafeApp
23 error Or if that isn't available, you can get their info via:
23 error     npm owner ls SafeApp
23 error There is likely additional logging output above.
24 verbose exit [ 1, true ]
